<?xml version="1.0" encoding="UTF-8"?>
<testsuite xmlns:xsi="http://www.w3.org/2001/XMLSchema-instance" xsi:noNamespaceSchemaLocation="https://maven.apache.org/surefire/maven-surefire-plugin/xsd/surefire-test-report.xsd" name="com.example.batteryprice.controller.BatteryControllerTest" time="0.222" tests="1" errors="1" skipped="0" failures="0">
  <properties>
    <property name="java.specification.version" value="18"/>
    <property name="sun.jnu.encoding" value="UTF-8"/>
    <property name="java.class.path" value="/Users/daliborjovanovic/battery/target/test-classes:/Users/daliborjovanovic/battery/target/classes:/Users/daliborjovanovic/.m2/repository/org/springframework/boot/spring-boot-starter-data-jpa/2.7.3/spring-boot-starter-data-jpa-2.7.3.jar:/Users/daliborjovanovic/.m2/repository/org/springframework/boot/spring-boot-starter-aop/2.7.3/spring-boot-starter-aop-2.7.3.jar:/Users/daliborjovanovic/.m2/repository/org/aspectj/aspectjweaver/1.9.7/aspectjweaver-1.9.7.jar:/Users/daliborjovanovic/.m2/repository/jakarta/transaction/jakarta.transaction-api/1.3.3/jakarta.transaction-api-1.3.3.jar:/Users/daliborjovanovic/.m2/repository/jakarta/persistence/jakarta.persistence-api/2.2.3/jakarta.persistence-api-2.2.3.jar:/Users/daliborjovanovic/.m2/repository/org/hibernate/hibernate-core/5.6.10.Final/hibernate-core-5.6.10.Final.jar:/Users/daliborjovanovic/.m2/repository/antlr/antlr/2.7.7/antlr-2.7.7.jar:/Users/daliborjovanovic/.m2/repository/org/jboss/jandex/2.4.2.Final/jandex-2.4.2.Final.jar:/Users/daliborjovanovic/.m2/repository/com/fasterxml/classmate/1.5.1/classmate-1.5.1.jar:/Users/daliborjovanovic/.m2/repository/org/hibernate/common/hibernate-commons-annotations/5.1.2.Final/hibernate-commons-annotations-5.1.2.Final.jar:/Users/daliborjovanovic/.m2/repository/org/glassfish/jaxb/jaxb-runtime/2.3.6/jaxb-runtime-2.3.6.jar:/Users/daliborjovanovic/.m2/repository/org/glassfish/jaxb/txw2/2.3.6/txw2-2.3.6.jar:/Users/daliborjovanovic/.m2/repository/com/sun/istack/istack-commons-runtime/3.0.12/istack-commons-runtime-3.0.12.jar:/Users/daliborjovanovic/.m2/repository/com/sun/activation/jakarta.activation/1.2.2/jakarta.activation-1.2.2.jar:/Users/daliborjovanovic/.m2/repository/org/springframework/data/spring-data-jpa/2.7.2/spring-data-jpa-2.7.2.jar:/Users/daliborjovanovic/.m2/repository/org/springframework/data/spring-data-commons/2.7.2/spring-data-commons-2.7.2.jar:/Users/daliborjovanovic/.m2/repository/org/springframework/spring-orm/5.3.22/spring-orm-5.3.22.jar:/Users/daliborjovanovic/.m2/repository/org/springframework/spring-beans/5.3.22/spring-beans-5.3.22.jar:/Users/daliborjovanovic/.m2/repository/org/springframework/spring-aspects/5.3.22/spring-aspects-5.3.22.jar:/Users/daliborjovanovic/.m2/repository/org/springframework/boot/spring-boot-starter-jdbc/2.7.3/spring-boot-starter-jdbc-2.7.3.jar:/Users/daliborjovanovic/.m2/repository/org/springframework/boot/spring-boot-starter/2.7.3/spring-boot-starter-2.7.3.jar:/Users/daliborjovanovic/.m2/repository/org/springframework/boot/spring-boot/2.7.3/spring-boot-2.7.3.jar:/Users/daliborjovanovic/.m2/repository/org/springframework/boot/spring-boot-starter-logging/2.7.3/spring-boot-starter-logging-2.7.3.jar:/Users/daliborjovanovic/.m2/repository/ch/qos/logback/logback-classic/1.2.11/logback-classic-1.2.11.jar:/Users/daliborjovanovic/.m2/repository/ch/qos/logback/logback-core/1.2.11/logback-core-1.2.11.jar:/Users/daliborjovanovic/.m2/repository/org/apache/logging/log4j/log4j-to-slf4j/2.17.2/log4j-to-slf4j-2.17.2.jar:/Users/daliborjovanovic/.m2/repository/org/apache/logging/log4j/log4j-api/2.17.2/log4j-api-2.17.2.jar:/Users/daliborjovanovic/.m2/repository/org/slf4j/jul-to-slf4j/1.7.36/jul-to-slf4j-1.7.36.jar:/Users/daliborjovanovic/.m2/repository/jakarta/annotation/jakarta.annotation-api/1.3.5/jakarta.annotation-api-1.3.5.jar:/Users/daliborjovanovic/.m2/repository/org/yaml/snakeyaml/1.30/snakeyaml-1.30.jar:/Users/daliborjovanovic/.m2/repository/com/zaxxer/HikariCP/4.0.3/HikariCP-4.0.3.jar:/Users/daliborjovanovic/.m2/repository/org/springframework/spring-jdbc/5.3.22/spring-jdbc-5.3.22.jar:/Users/daliborjovanovic/.m2/repository/org/springframework/boot/spring-boot-starter-web/2.7.3/spring-boot-starter-web-2.7.3.jar:/Users/daliborjovanovic/.m2/repository/org/springframework/boot/spring-boot-starter-json/2.7.3/spring-boot-starter-json-2.7.3.jar:/Users/daliborjovanovic/.m2/repository/com/fasterxml/jackson/datatype/jackson-datatype-jdk8/2.13.3/jackson-datatype-jdk8-2.13.3.jar:/Users/daliborjovanovic/.m2/repository/com/fasterxml/jackson/datatype/jackson-datatype-jsr310/2.13.3/jackson-datatype-jsr310-2.13.3.jar:/Users/daliborjovanovic/.m2/repository/com/fasterxml/jackson/module/jackson-module-parameter-names/2.13.3/jackson-module-parameter-names-2.13.3.jar:/Users/daliborjovanovic/.m2/repository/org/springframework/boot/spring-boot-starter-tomcat/2.7.3/spring-boot-starter-tomcat-2.7.3.jar:/Users/daliborjovanovic/.m2/repository/org/apache/tomcat/embed/tomcat-embed-core/9.0.65/tomcat-embed-core-9.0.65.jar:/Users/daliborjovanovic/.m2/repository/org/apache/tomcat/embed/tomcat-embed-websocket/9.0.65/tomcat-embed-websocket-9.0.65.jar:/Users/daliborjovanovic/.m2/repository/org/springframework/spring-web/5.3.22/spring-web-5.3.22.jar:/Users/daliborjovanovic/.m2/repository/org/springframework/spring-webmvc/5.3.22/spring-webmvc-5.3.22.jar:/Users/daliborjovanovic/.m2/repository/org/springframework/spring-expression/5.3.22/spring-expression-5.3.22.jar:/Users/daliborjovanovic/.m2/repository/org/springframework/kafka/spring-kafka/2.8.8/spring-kafka-2.8.8.jar:/Users/daliborjovanovic/.m2/repository/org/springframework/spring-context/5.3.22/spring-context-5.3.22.jar:/Users/daliborjovanovic/.m2/repository/org/springframework/spring-messaging/5.3.22/spring-messaging-5.3.22.jar:/Users/daliborjovanovic/.m2/repository/org/springframework/spring-tx/5.3.22/spring-tx-5.3.22.jar:/Users/daliborjovanovic/.m2/repository/org/springframework/retry/spring-retry/1.3.3/spring-retry-1.3.3.jar:/Users/daliborjovanovic/.m2/repository/org/apache/kafka/kafka-clients/3.1.1/kafka-clients-3.1.1.jar:/Users/daliborjovanovic/.m2/repository/com/github/luben/zstd-jni/1.5.0-4/zstd-jni-1.5.0-4.jar:/Users/daliborjovanovic/.m2/repository/org/lz4/lz4-java/1.8.0/lz4-java-1.8.0.jar:/Users/daliborjovanovic/.m2/repository/org/xerial/snappy/snappy-java/1.1.8.4/snappy-java-1.1.8.4.jar:/Users/daliborjovanovic/.m2/repository/com/google/code/findbugs/jsr305/3.0.2/jsr305-3.0.2.jar:/Users/daliborjovanovic/.m2/repository/org/springframework/boot/spring-boot-starter-validation/2.7.3/spring-boot-starter-validation-2.7.3.jar:/Users/daliborjovanovic/.m2/repository/org/apache/tomcat/embed/tomcat-embed-el/9.0.65/tomcat-embed-el-9.0.65.jar:/Users/daliborjovanovic/.m2/repository/org/hibernate/validator/hibernate-validator/6.2.4.Final/hibernate-validator-6.2.4.Final.jar:/Users/daliborjovanovic/.m2/repository/jakarta/validation/jakarta.validation-api/2.0.2/jakarta.validation-api-2.0.2.jar:/Users/daliborjovanovic/.m2/repository/org/projectlombok/lombok/1.18.24/lombok-1.18.24.jar:/Users/daliborjovanovic/.m2/repository/org/modelmapper/modelmapper/3.1.0/modelmapper-3.1.0.jar:/Users/daliborjovanovic/.m2/repository/com/h2database/h2/2.1.214/h2-2.1.214.jar:/Users/daliborjovanovic/.m2/repository/org/springframework/boot/spring-boot-starter-data-mongodb/2.7.1/spring-boot-starter-data-mongodb-2.7.1.jar:/Users/daliborjovanovic/.m2/repository/org/mongodb/mongodb-driver-sync/4.6.1/mongodb-driver-sync-4.6.1.jar:/Users/daliborjovanovic/.m2/repository/org/mongodb/bson/4.6.1/bson-4.6.1.jar:/Users/daliborjovanovic/.m2/repository/org/mongodb/mongodb-driver-core/4.6.1/mongodb-driver-core-4.6.1.jar:/Users/daliborjovanovic/.m2/repository/org/mongodb/bson-record-codec/4.6.1/bson-record-codec-4.6.1.jar:/Users/daliborjovanovic/.m2/repository/org/springframework/data/spring-data-mongodb/3.4.2/spring-data-mongodb-3.4.2.jar:/Users/daliborjovanovic/.m2/repository/org/springframework/boot/spring-boot-starter-test/2.7.3/spring-boot-starter-test-2.7.3.jar:/Users/daliborjovanovic/.m2/repository/org/springframework/boot/spring-boot-test/2.7.3/spring-boot-test-2.7.3.jar:/Users/daliborjovanovic/.m2/repository/org/springframework/boot/spring-boot-test-autoconfigure/2.7.3/spring-boot-test-autoconfigure-2.7.3.jar:/Users/daliborjovanovic/.m2/repository/com/jayway/jsonpath/json-path/2.7.0/json-path-2.7.0.jar:/Users/daliborjovanovic/.m2/repository/net/minidev/json-smart/2.4.8/json-smart-2.4.8.jar:/Users/daliborjovanovic/.m2/repository/net/minidev/accessors-smart/2.4.8/accessors-smart-2.4.8.jar:/Users/daliborjovanovic/.m2/repository/org/ow2/asm/asm/9.1/asm-9.1.jar:/Users/daliborjovanovic/.m2/repository/jakarta/xml/bind/jakarta.xml.bind-api/2.3.3/jakarta.xml.bind-api-2.3.3.jar:/Users/daliborjovanovic/.m2/repository/jakarta/activation/jakarta.activation-api/1.2.2/jakarta.activation-api-1.2.2.jar:/Users/daliborjovanovic/.m2/repository/org/assertj/assertj-core/3.22.0/assertj-core-3.22.0.jar:/Users/daliborjovanovic/.m2/repository/org/hamcrest/hamcrest/2.2/hamcrest-2.2.jar:/Users/daliborjovanovic/.m2/repository/org/junit/jupiter/junit-jupiter/5.8.2/junit-jupiter-5.8.2.jar:/Users/daliborjovanovic/.m2/repository/org/junit/jupiter/junit-jupiter-params/5.8.2/junit-jupiter-params-5.8.2.jar:/Users/daliborjovanovic/.m2/repository/org/junit/jupiter/junit-jupiter-engine/5.8.2/junit-jupiter-engine-5.8.2.jar:/Users/daliborjovanovic/.m2/repository/org/junit/platform/junit-platform-engine/1.8.2/junit-platform-engine-1.8.2.jar:/Users/daliborjovanovic/.m2/repository/org/mockito/mockito-junit-jupiter/4.5.1/mockito-junit-jupiter-4.5.1.jar:/Users/daliborjovanovic/.m2/repository/org/skyscreamer/jsonassert/1.5.1/jsonassert-1.5.1.jar:/Users/daliborjovanovic/.m2/repository/com/vaadin/external/google/android-json/0.0.20131108.vaadin1/android-json-0.0.20131108.vaadin1.jar:/Users/daliborjovanovic/.m2/repository/org/springframework/spring-core/5.3.22/spring-core-5.3.22.jar:/Users/daliborjovanovic/.m2/repository/org/springframework/spring-jcl/5.3.22/spring-jcl-5.3.22.jar:/Users/daliborjovanovic/.m2/repository/org/springframework/spring-test/5.3.22/spring-test-5.3.22.jar:/Users/daliborjovanovic/.m2/repository/org/xmlunit/xmlunit-core/2.9.0/xmlunit-core-2.9.0.jar:/Users/daliborjovanovic/.m2/repository/org/springframework/kafka/spring-kafka-test/2.8.8/spring-kafka-test-2.8.8.jar:/Users/daliborjovanovic/.m2/repository/org/apache/zookeeper/zookeeper/3.6.3/zookeeper-3.6.3.jar:/Users/daliborjovanovic/.m2/repository/org/apache/zookeeper/zookeeper-jute/3.6.3/zookeeper-jute-3.6.3.jar:/Users/daliborjovanovic/.m2/repository/org/apache/yetus/audience-annotations/0.5.0/audience-annotations-0.5.0.jar:/Users/daliborjovanovic/.m2/repository/io/netty/netty-handler/4.1.79.Final/netty-handler-4.1.79.Final.jar:/Users/daliborjovanovic/.m2/repository/io/netty/netty-common/4.1.79.Final/netty-common-4.1.79.Final.jar:/Users/daliborjovanovic/.m2/repository/io/netty/netty-resolver/4.1.79.Final/netty-resolver-4.1.79.Final.jar:/Users/daliborjovanovic/.m2/repository/io/netty/netty-buffer/4.1.79.Final/netty-buffer-4.1.79.Final.jar:/Users/daliborjovanovic/.m2/repository/io/netty/netty-transport/4.1.79.Final/netty-transport-4.1.79.Final.jar:/Users/daliborjovanovic/.m2/repository/io/netty/netty-transport-native-unix-common/4.1.79.Final/netty-transport-native-unix-common-4.1.79.Final.jar:/Users/daliborjovanovic/.m2/repository/io/netty/netty-codec/4.1.79.Final/netty-codec-4.1.79.Final.jar:/Users/daliborjovanovic/.m2/repository/io/netty/netty-transport-native-epoll/4.1.79.Final/netty-transport-native-epoll-4.1.79.Final.jar:/Users/daliborjovanovic/.m2/repository/io/netty/netty-transport-classes-epoll/4.1.79.Final/netty-transport-classes-epoll-4.1.79.Final.jar:/Users/daliborjovanovic/.m2/repository/org/apache/kafka/kafka-clients/3.1.1/kafka-clients-3.1.1-test.jar:/Users/daliborjovanovic/.m2/repository/org/apache/kafka/kafka-metadata/3.1.1/kafka-metadata-3.1.1.jar:/Users/daliborjovanovic/.m2/repository/org/apache/kafka/kafka-server-common/3.1.1/kafka-server-common-3.1.1.jar:/Users/daliborjovanovic/.m2/repository/org/apache/kafka/kafka-raft/3.1.1/kafka-raft-3.1.1.jar:/Users/daliborjovanovic/.m2/repository/com/yammer/metrics/metrics-core/2.2.0/metrics-core-2.2.0.jar:/Users/daliborjovanovic/.m2/repository/org/apache/kafka/kafka-streams-test-utils/3.1.1/kafka-streams-test-utils-3.1.1.jar:/Users/daliborjovanovic/.m2/repository/org/apache/kafka/kafka-streams/3.1.1/kafka-streams-3.1.1.jar:/Users/daliborjovanovic/.m2/repository/org/rocksdb/rocksdbjni/6.22.1.1/rocksdbjni-6.22.1.1.jar:/Users/daliborjovanovic/.m2/repository/org/apache/kafka/kafka_2.13/3.1.1/kafka_2.13-3.1.1.jar:/Users/daliborjovanovic/.m2/repository/org/scala-lang/scala-library/2.13.6/scala-library-2.13.6.jar:/Users/daliborjovanovic/.m2/repository/org/apache/kafka/kafka-storage/3.1.1/kafka-storage-3.1.1.jar:/Users/daliborjovanovic/.m2/repository/org/apache/kafka/kafka-storage-api/3.1.1/kafka-storage-api-3.1.1.jar:/Users/daliborjovanovic/.m2/repository/net/sourceforge/argparse4j/argparse4j/0.7.0/argparse4j-0.7.0.jar:/Users/daliborjovanovic/.m2/repository/com/fasterxml/jackson/module/jackson-module-scala_2.13/2.13.3/jackson-module-scala_2.13-2.13.3.jar:/Users/daliborjovanovic/.m2/repository/com/thoughtworks/paranamer/paranamer/2.8/paranamer-2.8.jar:/Users/daliborjovanovic/.m2/repository/com/fasterxml/jackson/dataformat/jackson-dataformat-csv/2.13.3/jackson-dataformat-csv-2.13.3.jar:/Users/daliborjovanovic/.m2/repository/net/sf/jopt-simple/jopt-simple/5.0.4/jopt-simple-5.0.4.jar:/Users/daliborjovanovic/.m2/repository/org/bitbucket/b_c/jose4j/0.7.8/jose4j-0.7.8.jar:/Users/daliborjovanovic/.m2/repository/org/scala-lang/modules/scala-collection-compat_2.13/2.4.4/scala-collection-compat_2.13-2.4.4.jar:/Users/daliborjovanovic/.m2/repository/org/scala-lang/modules/scala-java8-compat_2.13/1.0.0/scala-java8-compat_2.13-1.0.0.jar:/Users/daliborjovanovic/.m2/repository/org/scala-lang/scala-reflect/2.13.6/scala-reflect-2.13.6.jar:/Users/daliborjovanovic/.m2/repository/com/typesafe/scala-logging/scala-logging_2.13/3.9.3/scala-logging_2.13-3.9.3.jar:/Users/daliborjovanovic/.m2/repository/io/dropwizard/metrics/metrics-core/4.2.11/metrics-core-4.2.11.jar:/Users/daliborjovanovic/.m2/repository/commons-cli/commons-cli/1.4/commons-cli-1.4.jar:/Users/daliborjovanovic/.m2/repository/org/apache/kafka/kafka_2.13/3.1.1/kafka_2.13-3.1.1-test.jar:/Users/daliborjovanovic/.m2/repository/org/junit/jupiter/junit-jupiter-api/5.8.2/junit-jupiter-api-5.8.2.jar:/Users/daliborjovanovic/.m2/repository/org/opentest4j/opentest4j/1.2.0/opentest4j-1.2.0.jar:/Users/daliborjovanovic/.m2/repository/org/junit/platform/junit-platform-commons/1.8.2/junit-platform-commons-1.8.2.jar:/Users/daliborjovanovic/.m2/repository/org/apiguardian/apiguardian-api/1.1.2/apiguardian-api-1.1.2.jar:/Users/daliborjovanovic/.m2/repository/junit/junit/3.8.1/junit-3.8.1.jar:/Users/daliborjovanovic/.m2/repository/org/springframework/boot/spring-boot-starter-webflux/2.7.3/spring-boot-starter-webflux-2.7.3.jar:/Users/daliborjovanovic/.m2/repository/org/springframework/boot/spring-boot-starter-reactor-netty/2.7.3/spring-boot-starter-reactor-netty-2.7.3.jar:/Users/daliborjovanovic/.m2/repository/io/projectreactor/netty/reactor-netty-http/1.0.22/reactor-netty-http-1.0.22.jar:/Users/daliborjovanovic/.m2/repository/io/netty/netty-codec-http/4.1.79.Final/netty-codec-http-4.1.79.Final.jar:/Users/daliborjovanovic/.m2/repository/io/netty/netty-codec-http2/4.1.79.Final/netty-codec-http2-4.1.79.Final.jar:/Users/daliborjovanovic/.m2/repository/io/netty/netty-resolver-dns/4.1.79.Final/netty-resolver-dns-4.1.79.Final.jar:/Users/daliborjovanovic/.m2/repository/io/netty/netty-codec-dns/4.1.79.Final/netty-codec-dns-4.1.79.Final.jar:/Users/daliborjovanovic/.m2/repository/io/netty/netty-resolver-dns-native-macos/4.1.79.Final/netty-resolver-dns-native-macos-4.1.79.Final-osx-x86_64.jar:/Users/daliborjovanovic/.m2/repository/io/netty/netty-resolver-dns-classes-macos/4.1.79.Final/netty-resolver-dns-classes-macos-4.1.79.Final.jar:/Users/daliborjovanovic/.m2/repository/io/netty/netty-transport-native-epoll/4.1.79.Final/netty-transport-native-epoll-4.1.79.Final-linux-x86_64.jar:/Users/daliborjovanovic/.m2/repository/io/projectreactor/netty/reactor-netty-core/1.0.22/reactor-netty-core-1.0.22.jar:/Users/daliborjovanovic/.m2/repository/io/netty/netty-handler-proxy/4.1.79.Final/netty-handler-proxy-4.1.79.Final.jar:/Users/daliborjovanovic/.m2/repository/io/netty/netty-codec-socks/4.1.79.Final/netty-codec-socks-4.1.79.Final.jar:/Users/daliborjovanovic/.m2/repository/org/springframework/spring-webflux/5.3.22/spring-webflux-5.3.22.jar:/Users/daliborjovanovic/.m2/repository/io/projectreactor/reactor-core/3.4.22/reactor-core-3.4.22.jar:/Users/daliborjovanovic/.m2/repository/org/reactivestreams/reactive-streams/1.0.4/reactive-streams-1.0.4.jar:/Users/daliborjovanovic/.m2/repository/org/mockito/mockito-core/4.5.1/mockito-core-4.5.1.jar:/Users/daliborjovanovic/.m2/repository/net/bytebuddy/byte-buddy/1.12.13/byte-buddy-1.12.13.jar:/Users/daliborjovanovic/.m2/repository/net/bytebuddy/byte-buddy-agent/1.12.13/byte-buddy-agent-1.12.13.jar:/Users/daliborjovanovic/.m2/repository/org/objenesis/objenesis/3.2/objenesis-3.2.jar:/Users/daliborjovanovic/.m2/repository/com/netflix/graphql/dgs/graphql-dgs-spring-boot-starter/5.2.1/graphql-dgs-spring-boot-starter-5.2.1.jar:/Users/daliborjovanovic/.m2/repository/com/netflix/graphql/dgs/graphql-dgs-spring-webmvc-autoconfigure/5.2.1/graphql-dgs-spring-webmvc-autoconfigure-5.2.1.jar:/Users/daliborjovanovic/.m2/repository/jakarta/servlet/jakarta.servlet-api/4.0.4/jakarta.servlet-api-4.0.4.jar:/Users/daliborjovanovic/.m2/repository/com/fasterxml/jackson/module/jackson-module-kotlin/2.13.3/jackson-module-kotlin-2.13.3.jar:/Users/daliborjovanovic/.m2/repository/com/netflix/graphql/dgs/graphql-dgs-client/5.2.1/graphql-dgs-client-5.2.1.jar:/Users/daliborjovanovic/.m2/repository/com/netflix/graphql/dgs/graphql-dgs-subscription-types/5.2.1/graphql-dgs-subscription-types-5.2.1.jar:/Users/daliborjovanovic/.m2/repository/com/graphql-java/graphql-java/18.3/graphql-java-18.3.jar:/Users/daliborjovanovic/.m2/repository/com/graphql-java/java-dataloader/3.1.2/java-dataloader-3.1.2.jar:/Users/daliborjovanovic/.m2/repository/org/antlr/antlr4-runtime/4.9.3/antlr4-runtime-4.9.3.jar:/Users/daliborjovanovic/.m2/repository/com/netflix/graphql/dgs/graphql-error-types/5.2.1/graphql-error-types-5.2.1.jar:/Users/daliborjovanovic/.m2/repository/org/jetbrains/kotlin/kotlin-stdlib-jdk8/1.6.21/kotlin-stdlib-jdk8-1.6.21.jar:/Users/daliborjovanovic/.m2/repository/org/jetbrains/kotlin/kotlin-stdlib/1.6.21/kotlin-stdlib-1.6.21.jar:/Users/daliborjovanovic/.m2/repository/org/jetbrains/kotlin/kotlin-stdlib-common/1.6.21/kotlin-stdlib-common-1.6.21.jar:/Users/daliborjovanovic/.m2/repository/org/jetbrains/annotations/13.0/annotations-13.0.jar:/Users/daliborjovanovic/.m2/repository/org/jetbrains/kotlin/kotlin-stdlib-jdk7/1.6.21/kotlin-stdlib-jdk7-1.6.21.jar:/Users/daliborjovanovic/.m2/repository/org/springframework/boot/spring-boot-starter-websocket/2.7.3/spring-boot-starter-websocket-2.7.3.jar:/Users/daliborjovanovic/.m2/repository/org/springframework/spring-websocket/5.3.22/spring-websocket-5.3.22.jar:/Users/daliborjovanovic/.m2/repository/com/netflix/graphql/dgs/graphql-dgs-spring-boot-oss-autoconfigure/5.2.1/graphql-dgs-spring-boot-oss-autoconfigure-5.2.1.jar:/Users/daliborjovanovic/.m2/repository/com/netflix/graphql/dgs/graphql-dgs/5.2.1/graphql-dgs-5.2.1.jar:/Users/daliborjovanovic/.m2/repository/com/netflix/graphql/dgs/graphql-dgs-mocking/5.2.1/graphql-dgs-mocking-5.2.1.jar:/Users/daliborjovanovic/.m2/repository/net/datafaker/datafaker/1.4.0/datafaker-1.4.0.jar:/Users/daliborjovanovic/.m2/repository/com/github/mifmif/generex/1.0.2/generex-1.0.2.jar:/Users/daliborjovanovic/.m2/repository/dk/brics/automaton/automaton/1.11-8/automaton-1.11-8.jar:/Users/daliborjovanovic/.m2/repository/com/apollographql/federation/federation-graphql-java-support/2.0.0/federation-graphql-java-support-2.0.0.jar:/Users/daliborjovanovic/.m2/repository/com/apollographql/federation/federation-graphql-java-support-api/2.0.0/federation-graphql-java-support-api-2.0.0.jar:/Users/daliborjovanovic/.m2/repository/com/google/protobuf/protobuf-java/3.19.4/protobuf-java-3.19.4.jar:/Users/daliborjovanovic/.m2/repository/org/jetbrains/kotlinx/kotlinx-coroutines-core/1.6.4/kotlinx-coroutines-core-1.6.4.jar:/Users/daliborjovanovic/.m2/repository/org/jetbrains/kotlinx/kotlinx-coroutines-core-jvm/1.6.4/kotlinx-coroutines-core-jvm-1.6.4.jar:/Users/daliborjovanovic/.m2/repository/org/jetbrains/kotlinx/kotlinx-coroutines-jdk8/1.6.4/kotlinx-coroutines-jdk8-1.6.4.jar:/Users/daliborjovanovic/.m2/repository/org/jetbrains/kotlinx/kotlinx-coroutines-reactor/1.6.4/kotlinx-coroutines-reactor-1.6.4.jar:/Users/daliborjovanovic/.m2/repository/org/jetbrains/kotlinx/kotlinx-coroutines-reactive/1.6.4/kotlinx-coroutines-reactive-1.6.4.jar:/Users/daliborjovanovic/.m2/repository/com/netflix/graphql/dgs/graphql-dgs-spring-webmvc/5.2.1/graphql-dgs-spring-webmvc-5.2.1.jar:/Users/daliborjovanovic/.m2/repository/org/apache/commons/commons-lang3/3.12.0/commons-lang3-3.12.0.jar:/Users/daliborjovanovic/.m2/repository/com/netflix/graphql/dgs/codegen/graphql-dgs-codegen-client-core/5.1.8/graphql-dgs-codegen-client-core-5.1.8.jar:/Users/daliborjovanovic/.m2/repository/org/jetbrains/kotlin/kotlin-reflect/1.6.21/kotlin-reflect-1.6.21.jar:/Users/daliborjovanovic/.m2/repository/com/netflix/graphql/dgs/graphql-dgs-extended-scalars/5.2.1/graphql-dgs-extended-scalars-5.2.1.jar:/Users/daliborjovanovic/.m2/repository/com/graphql-java/graphql-java-extended-scalars/18.1/graphql-java-extended-scalars-18.1.jar:/Users/daliborjovanovic/.m2/repository/org/springframework/boot/spring-boot-autoconfigure/2.7.3/spring-boot-autoconfigure-2.7.3.jar:/Users/daliborjovanovic/.m2/repository/org/keycloak/keycloak-spring-boot-starter/11.0.0/keycloak-spring-boot-starter-11.0.0.jar:/Users/daliborjovanovic/.m2/repository/org/keycloak/keycloak-spring-boot-2-adapter/11.0.0/keycloak-spring-boot-2-adapter-11.0.0.jar:/Users/daliborjovanovic/.m2/repository/org/keycloak/keycloak-spring-boot-adapter-core/11.0.0/keycloak-spring-boot-adapter-core-11.0.0.jar:/Users/daliborjovanovic/.m2/repository/org/keycloak/keycloak-authz-client/11.0.0/keycloak-authz-client-11.0.0.jar:/Users/daliborjovanovic/.m2/repository/org/keycloak/spring-boot-container-bundle/11.0.0/spring-boot-container-bundle-11.0.0.jar:/Users/daliborjovanovic/.m2/repository/org/keycloak/keycloak-spring-security-adapter/11.0.0/keycloak-spring-security-adapter-11.0.0.jar:/Users/daliborjovanovic/.m2/repository/org/keycloak/keycloak-core/11.0.0/keycloak-core-11.0.0.jar:/Users/daliborjovanovic/.m2/repository/org/keycloak/keycloak-common/11.0.0/keycloak-common-11.0.0.jar:/Users/daliborjovanovic/.m2/repository/org/keycloak/keycloak-adapter-spi/11.0.0/keycloak-adapter-spi-11.0.0.jar:/Users/daliborjovanovic/.m2/repository/org/keycloak/keycloak-adapter-core/11.0.0/keycloak-adapter-core-11.0.0.jar:/Users/daliborjovanovic/.m2/repository/org/slf4j/slf4j-api/1.7.36/slf4j-api-1.7.36.jar:/Users/daliborjovanovic/.m2/repository/org/jboss/logging/jboss-logging/3.4.3.Final/jboss-logging-3.4.3.Final.jar:/Users/daliborjovanovic/.m2/repository/org/apache/httpcomponents/httpclient/4.5.13/httpclient-4.5.13.jar:/Users/daliborjovanovic/.m2/repository/org/apache/httpcomponents/httpcore/4.4.15/httpcore-4.4.15.jar:/Users/daliborjovanovic/.m2/repository/commons-codec/commons-codec/1.15/commons-codec-1.15.jar:/Users/daliborjovanovic/.m2/repository/com/fasterxml/jackson/core/jackson-core/2.13.3/jackson-core-2.13.3.jar:/Users/daliborjovanovic/.m2/repository/com/fasterxml/jackson/core/jackson-databind/2.13.3/jackson-databind-2.13.3.jar:/Users/daliborjovanovic/.m2/repository/com/fasterxml/jackson/core/jackson-annotations/2.13.3/jackson-annotations-2.13.3.jar:/Users/daliborjovanovic/.m2/repository/org/springframework/boot/spring-boot-starter-security/2.7.3/spring-boot-starter-security-2.7.3.jar:/Users/daliborjovanovic/.m2/repository/org/springframework/spring-aop/5.3.22/spring-aop-5.3.22.jar:/Users/daliborjovanovic/.m2/repository/org/springframework/security/spring-security-config/5.7.3/spring-security-config-5.7.3.jar:/Users/daliborjovanovic/.m2/repository/org/springframework/security/spring-security-core/5.7.3/spring-security-core-5.7.3.jar:/Users/daliborjovanovic/.m2/repository/org/springframework/security/spring-security-crypto/5.7.3/spring-security-crypto-5.7.3.jar:/Users/daliborjovanovic/.m2/repository/org/springframework/security/spring-security-web/5.7.3/spring-security-web-5.7.3.jar:"/>
    <property name="java.vm.vendor" value="Homebrew"/>
    <property name="sun.arch.data.model" value="64"/>
    <property name="java.vendor.url" value="https://github.com/Homebrew/homebrew-core/issues"/>
    <property name="os.name" value="Mac OS X"/>
    <property name="java.vm.specification.version" value="18"/>
    <property name="sun.java.launcher" value="SUN_STANDARD"/>
    <property name="user.country" value="RS"/>
    <property name="sun.boot.library.path" value="/opt/homebrew/Cellar/openjdk/18.0.2.1/libexec/openjdk.jdk/Contents/Home/lib"/>
    <property name="sun.java.command" value="/Users/daliborjovanovic/battery/target/surefire/surefirebooter2602106529478066600.jar /Users/daliborjovanovic/battery/target/surefire 2022-09-14T14-16-24_830-jvmRun1 surefire228521853227955277tmp surefire_017093873922008344257tmp"/>
    <property name="http.nonProxyHosts" value="local|*.local|169.254/16|*.169.254/16"/>
    <property name="jdk.debug" value="release"/>
    <property name="surefire.test.class.path" value="/Users/daliborjovanovic/battery/target/test-classes:/Users/daliborjovanovic/battery/target/classes:/Users/daliborjovanovic/.m2/repository/org/springframework/boot/spring-boot-starter-data-jpa/2.7.3/spring-boot-starter-data-jpa-2.7.3.jar:/Users/daliborjovanovic/.m2/repository/org/springframework/boot/spring-boot-starter-aop/2.7.3/spring-boot-starter-aop-2.7.3.jar:/Users/daliborjovanovic/.m2/repository/org/aspectj/aspectjweaver/1.9.7/aspectjweaver-1.9.7.jar:/Users/daliborjovanovic/.m2/repository/jakarta/transaction/jakarta.transaction-api/1.3.3/jakarta.transaction-api-1.3.3.jar:/Users/daliborjovanovic/.m2/repository/jakarta/persistence/jakarta.persistence-api/2.2.3/jakarta.persistence-api-2.2.3.jar:/Users/daliborjovanovic/.m2/repository/org/hibernate/hibernate-core/5.6.10.Final/hibernate-core-5.6.10.Final.jar:/Users/daliborjovanovic/.m2/repository/antlr/antlr/2.7.7/antlr-2.7.7.jar:/Users/daliborjovanovic/.m2/repository/org/jboss/jandex/2.4.2.Final/jandex-2.4.2.Final.jar:/Users/daliborjovanovic/.m2/repository/com/fasterxml/classmate/1.5.1/classmate-1.5.1.jar:/Users/daliborjovanovic/.m2/repository/org/hibernate/common/hibernate-commons-annotations/5.1.2.Final/hibernate-commons-annotations-5.1.2.Final.jar:/Users/daliborjovanovic/.m2/repository/org/glassfish/jaxb/jaxb-runtime/2.3.6/jaxb-runtime-2.3.6.jar:/Users/daliborjovanovic/.m2/repository/org/glassfish/jaxb/txw2/2.3.6/txw2-2.3.6.jar:/Users/daliborjovanovic/.m2/repository/com/sun/istack/istack-commons-runtime/3.0.12/istack-commons-runtime-3.0.12.jar:/Users/daliborjovanovic/.m2/repository/com/sun/activation/jakarta.activation/1.2.2/jakarta.activation-1.2.2.jar:/Users/daliborjovanovic/.m2/repository/org/springframework/data/spring-data-jpa/2.7.2/spring-data-jpa-2.7.2.jar:/Users/daliborjovanovic/.m2/repository/org/springframework/data/spring-data-commons/2.7.2/spring-data-commons-2.7.2.jar:/Users/daliborjovanovic/.m2/repository/org/springframework/spring-orm/5.3.22/spring-orm-5.3.22.jar:/Users/daliborjovanovic/.m2/repository/org/springframework/spring-beans/5.3.22/spring-beans-5.3.22.jar:/Users/daliborjovanovic/.m2/repository/org/springframework/spring-aspects/5.3.22/spring-aspects-5.3.22.jar:/Users/daliborjovanovic/.m2/repository/org/springframework/boot/spring-boot-starter-jdbc/2.7.3/spring-boot-starter-jdbc-2.7.3.jar:/Users/daliborjovanovic/.m2/repository/org/springframework/boot/spring-boot-starter/2.7.3/spring-boot-starter-2.7.3.jar:/Users/daliborjovanovic/.m2/repository/org/springframework/boot/spring-boot/2.7.3/spring-boot-2.7.3.jar:/Users/daliborjovanovic/.m2/repository/org/springframework/boot/spring-boot-starter-logging/2.7.3/spring-boot-starter-logging-2.7.3.jar:/Users/daliborjovanovic/.m2/repository/ch/qos/logback/logback-classic/1.2.11/logback-classic-1.2.11.jar:/Users/daliborjovanovic/.m2/repository/ch/qos/logback/logback-core/1.2.11/logback-core-1.2.11.jar:/Users/daliborjovanovic/.m2/repository/org/apache/logging/log4j/log4j-to-slf4j/2.17.2/log4j-to-slf4j-2.17.2.jar:/Users/daliborjovanovic/.m2/repository/org/apache/logging/log4j/log4j-api/2.17.2/log4j-api-2.17.2.jar:/Users/daliborjovanovic/.m2/repository/org/slf4j/jul-to-slf4j/1.7.36/jul-to-slf4j-1.7.36.jar:/Users/daliborjovanovic/.m2/repository/jakarta/annotation/jakarta.annotation-api/1.3.5/jakarta.annotation-api-1.3.5.jar:/Users/daliborjovanovic/.m2/repository/org/yaml/snakeyaml/1.30/snakeyaml-1.30.jar:/Users/daliborjovanovic/.m2/repository/com/zaxxer/HikariCP/4.0.3/HikariCP-4.0.3.jar:/Users/daliborjovanovic/.m2/repository/org/springframework/spring-jdbc/5.3.22/spring-jdbc-5.3.22.jar:/Users/daliborjovanovic/.m2/repository/org/springframework/boot/spring-boot-starter-web/2.7.3/spring-boot-starter-web-2.7.3.jar:/Users/daliborjovanovic/.m2/repository/org/springframework/boot/spring-boot-starter-json/2.7.3/spring-boot-starter-json-2.7.3.jar:/Users/daliborjovanovic/.m2/repository/com/fasterxml/jackson/datatype/jackson-datatype-jdk8/2.13.3/jackson-datatype-jdk8-2.13.3.jar:/Users/daliborjovanovic/.m2/repository/com/fasterxml/jackson/datatype/jackson-datatype-jsr310/2.13.3/jackson-datatype-jsr310-2.13.3.jar:/Users/daliborjovanovic/.m2/repository/com/fasterxml/jackson/module/jackson-module-parameter-names/2.13.3/jackson-module-parameter-names-2.13.3.jar:/Users/daliborjovanovic/.m2/repository/org/springframework/boot/spring-boot-starter-tomcat/2.7.3/spring-boot-starter-tomcat-2.7.3.jar:/Users/daliborjovanovic/.m2/repository/org/apache/tomcat/embed/tomcat-embed-core/9.0.65/tomcat-embed-core-9.0.65.jar:/Users/daliborjovanovic/.m2/repository/org/apache/tomcat/embed/tomcat-embed-websocket/9.0.65/tomcat-embed-websocket-9.0.65.jar:/Users/daliborjovanovic/.m2/repository/org/springframework/spring-web/5.3.22/spring-web-5.3.22.jar:/Users/daliborjovanovic/.m2/repository/org/springframework/spring-webmvc/5.3.22/spring-webmvc-5.3.22.jar:/Users/daliborjovanovic/.m2/repository/org/springframework/spring-expression/5.3.22/spring-expression-5.3.22.jar:/Users/daliborjovanovic/.m2/repository/org/springframework/kafka/spring-kafka/2.8.8/spring-kafka-2.8.8.jar:/Users/daliborjovanovic/.m2/repository/org/springframework/spring-context/5.3.22/spring-context-5.3.22.jar:/Users/daliborjovanovic/.m2/repository/org/springframework/spring-messaging/5.3.22/spring-messaging-5.3.22.jar:/Users/daliborjovanovic/.m2/repository/org/springframework/spring-tx/5.3.22/spring-tx-5.3.22.jar:/Users/daliborjovanovic/.m2/repository/org/springframework/retry/spring-retry/1.3.3/spring-retry-1.3.3.jar:/Users/daliborjovanovic/.m2/repository/org/apache/kafka/kafka-clients/3.1.1/kafka-clients-3.1.1.jar:/Users/daliborjovanovic/.m2/repository/com/github/luben/zstd-jni/1.5.0-4/zstd-jni-1.5.0-4.jar:/Users/daliborjovanovic/.m2/repository/org/lz4/lz4-java/1.8.0/lz4-java-1.8.0.jar:/Users/daliborjovanovic/.m2/repository/org/xerial/snappy/snappy-java/1.1.8.4/snappy-java-1.1.8.4.jar:/Users/daliborjovanovic/.m2/repository/com/google/code/findbugs/jsr305/3.0.2/jsr305-3.0.2.jar:/Users/daliborjovanovic/.m2/repository/org/springframework/boot/spring-boot-starter-validation/2.7.3/spring-boot-starter-validation-2.7.3.jar:/Users/daliborjovanovic/.m2/repository/org/apache/tomcat/embed/tomcat-embed-el/9.0.65/tomcat-embed-el-9.0.65.jar:/Users/daliborjovanovic/.m2/repository/org/hibernate/validator/hibernate-validator/6.2.4.Final/hibernate-validator-6.2.4.Final.jar:/Users/daliborjovanovic/.m2/repository/jakarta/validation/jakarta.validation-api/2.0.2/jakarta.validation-api-2.0.2.jar:/Users/daliborjovanovic/.m2/repository/org/projectlombok/lombok/1.18.24/lombok-1.18.24.jar:/Users/daliborjovanovic/.m2/repository/org/modelmapper/modelmapper/3.1.0/modelmapper-3.1.0.jar:/Users/daliborjovanovic/.m2/repository/com/h2database/h2/2.1.214/h2-2.1.214.jar:/Users/daliborjovanovic/.m2/repository/org/springframework/boot/spring-boot-starter-data-mongodb/2.7.1/spring-boot-starter-data-mongodb-2.7.1.jar:/Users/daliborjovanovic/.m2/repository/org/mongodb/mongodb-driver-sync/4.6.1/mongodb-driver-sync-4.6.1.jar:/Users/daliborjovanovic/.m2/repository/org/mongodb/bson/4.6.1/bson-4.6.1.jar:/Users/daliborjovanovic/.m2/repository/org/mongodb/mongodb-driver-core/4.6.1/mongodb-driver-core-4.6.1.jar:/Users/daliborjovanovic/.m2/repository/org/mongodb/bson-record-codec/4.6.1/bson-record-codec-4.6.1.jar:/Users/daliborjovanovic/.m2/repository/org/springframework/data/spring-data-mongodb/3.4.2/spring-data-mongodb-3.4.2.jar:/Users/daliborjovanovic/.m2/repository/org/springframework/boot/spring-boot-starter-test/2.7.3/spring-boot-starter-test-2.7.3.jar:/Users/daliborjovanovic/.m2/repository/org/springframework/boot/spring-boot-test/2.7.3/spring-boot-test-2.7.3.jar:/Users/daliborjovanovic/.m2/repository/org/springframework/boot/spring-boot-test-autoconfigure/2.7.3/spring-boot-test-autoconfigure-2.7.3.jar:/Users/daliborjovanovic/.m2/repository/com/jayway/jsonpath/json-path/2.7.0/json-path-2.7.0.jar:/Users/daliborjovanovic/.m2/repository/net/minidev/json-smart/2.4.8/json-smart-2.4.8.jar:/Users/daliborjovanovic/.m2/repository/net/minidev/accessors-smart/2.4.8/accessors-smart-2.4.8.jar:/Users/daliborjovanovic/.m2/repository/org/ow2/asm/asm/9.1/asm-9.1.jar:/Users/daliborjovanovic/.m2/repository/jakarta/xml/bind/jakarta.xml.bind-api/2.3.3/jakarta.xml.bind-api-2.3.3.jar:/Users/daliborjovanovic/.m2/repository/jakarta/activation/jakarta.activation-api/1.2.2/jakarta.activation-api-1.2.2.jar:/Users/daliborjovanovic/.m2/repository/org/assertj/assertj-core/3.22.0/assertj-core-3.22.0.jar:/Users/daliborjovanovic/.m2/repository/org/hamcrest/hamcrest/2.2/hamcrest-2.2.jar:/Users/daliborjovanovic/.m2/repository/org/junit/jupiter/junit-jupiter/5.8.2/junit-jupiter-5.8.2.jar:/Users/daliborjovanovic/.m2/repository/org/junit/jupiter/junit-jupiter-params/5.8.2/junit-jupiter-params-5.8.2.jar:/Users/daliborjovanovic/.m2/repository/org/junit/jupiter/junit-jupiter-engine/5.8.2/junit-jupiter-engine-5.8.2.jar:/Users/daliborjovanovic/.m2/repository/org/junit/platform/junit-platform-engine/1.8.2/junit-platform-engine-1.8.2.jar:/Users/daliborjovanovic/.m2/repository/org/mockito/mockito-junit-jupiter/4.5.1/mockito-junit-jupiter-4.5.1.jar:/Users/daliborjovanovic/.m2/repository/org/skyscreamer/jsonassert/1.5.1/jsonassert-1.5.1.jar:/Users/daliborjovanovic/.m2/repository/com/vaadin/external/google/android-json/0.0.20131108.vaadin1/android-json-0.0.20131108.vaadin1.jar:/Users/daliborjovanovic/.m2/repository/org/springframework/spring-core/5.3.22/spring-core-5.3.22.jar:/Users/daliborjovanovic/.m2/repository/org/springframework/spring-jcl/5.3.22/spring-jcl-5.3.22.jar:/Users/daliborjovanovic/.m2/repository/org/springframework/spring-test/5.3.22/spring-test-5.3.22.jar:/Users/daliborjovanovic/.m2/repository/org/xmlunit/xmlunit-core/2.9.0/xmlunit-core-2.9.0.jar:/Users/daliborjovanovic/.m2/repository/org/springframework/kafka/spring-kafka-test/2.8.8/spring-kafka-test-2.8.8.jar:/Users/daliborjovanovic/.m2/repository/org/apache/zookeeper/zookeeper/3.6.3/zookeeper-3.6.3.jar:/Users/daliborjovanovic/.m2/repository/org/apache/zookeeper/zookeeper-jute/3.6.3/zookeeper-jute-3.6.3.jar:/Users/daliborjovanovic/.m2/repository/org/apache/yetus/audience-annotations/0.5.0/audience-annotations-0.5.0.jar:/Users/daliborjovanovic/.m2/repository/io/netty/netty-handler/4.1.79.Final/netty-handler-4.1.79.Final.jar:/Users/daliborjovanovic/.m2/repository/io/netty/netty-common/4.1.79.Final/netty-common-4.1.79.Final.jar:/Users/daliborjovanovic/.m2/repository/io/netty/netty-resolver/4.1.79.Final/netty-resolver-4.1.79.Final.jar:/Users/daliborjovanovic/.m2/repository/io/netty/netty-buffer/4.1.79.Final/netty-buffer-4.1.79.Final.jar:/Users/daliborjovanovic/.m2/repository/io/netty/netty-transport/4.1.79.Final/netty-transport-4.1.79.Final.jar:/Users/daliborjovanovic/.m2/repository/io/netty/netty-transport-native-unix-common/4.1.79.Final/netty-transport-native-unix-common-4.1.79.Final.jar:/Users/daliborjovanovic/.m2/repository/io/netty/netty-codec/4.1.79.Final/netty-codec-4.1.79.Final.jar:/Users/daliborjovanovic/.m2/repository/io/netty/netty-transport-native-epoll/4.1.79.Final/netty-transport-native-epoll-4.1.79.Final.jar:/Users/daliborjovanovic/.m2/repository/io/netty/netty-transport-classes-epoll/4.1.79.Final/netty-transport-classes-epoll-4.1.79.Final.jar:/Users/daliborjovanovic/.m2/repository/org/apache/kafka/kafka-clients/3.1.1/kafka-clients-3.1.1-test.jar:/Users/daliborjovanovic/.m2/repository/org/apache/kafka/kafka-metadata/3.1.1/kafka-metadata-3.1.1.jar:/Users/daliborjovanovic/.m2/repository/org/apache/kafka/kafka-server-common/3.1.1/kafka-server-common-3.1.1.jar:/Users/daliborjovanovic/.m2/repository/org/apache/kafka/kafka-raft/3.1.1/kafka-raft-3.1.1.jar:/Users/daliborjovanovic/.m2/repository/com/yammer/metrics/metrics-core/2.2.0/metrics-core-2.2.0.jar:/Users/daliborjovanovic/.m2/repository/org/apache/kafka/kafka-streams-test-utils/3.1.1/kafka-streams-test-utils-3.1.1.jar:/Users/daliborjovanovic/.m2/repository/org/apache/kafka/kafka-streams/3.1.1/kafka-streams-3.1.1.jar:/Users/daliborjovanovic/.m2/repository/org/rocksdb/rocksdbjni/6.22.1.1/rocksdbjni-6.22.1.1.jar:/Users/daliborjovanovic/.m2/repository/org/apache/kafka/kafka_2.13/3.1.1/kafka_2.13-3.1.1.jar:/Users/daliborjovanovic/.m2/repository/org/scala-lang/scala-library/2.13.6/scala-library-2.13.6.jar:/Users/daliborjovanovic/.m2/repository/org/apache/kafka/kafka-storage/3.1.1/kafka-storage-3.1.1.jar:/Users/daliborjovanovic/.m2/repository/org/apache/kafka/kafka-storage-api/3.1.1/kafka-storage-api-3.1.1.jar:/Users/daliborjovanovic/.m2/repository/net/sourceforge/argparse4j/argparse4j/0.7.0/argparse4j-0.7.0.jar:/Users/daliborjovanovic/.m2/repository/com/fasterxml/jackson/module/jackson-module-scala_2.13/2.13.3/jackson-module-scala_2.13-2.13.3.jar:/Users/daliborjovanovic/.m2/repository/com/thoughtworks/paranamer/paranamer/2.8/paranamer-2.8.jar:/Users/daliborjovanovic/.m2/repository/com/fasterxml/jackson/dataformat/jackson-dataformat-csv/2.13.3/jackson-dataformat-csv-2.13.3.jar:/Users/daliborjovanovic/.m2/repository/net/sf/jopt-simple/jopt-simple/5.0.4/jopt-simple-5.0.4.jar:/Users/daliborjovanovic/.m2/repository/org/bitbucket/b_c/jose4j/0.7.8/jose4j-0.7.8.jar:/Users/daliborjovanovic/.m2/repository/org/scala-lang/modules/scala-collection-compat_2.13/2.4.4/scala-collection-compat_2.13-2.4.4.jar:/Users/daliborjovanovic/.m2/repository/org/scala-lang/modules/scala-java8-compat_2.13/1.0.0/scala-java8-compat_2.13-1.0.0.jar:/Users/daliborjovanovic/.m2/repository/org/scala-lang/scala-reflect/2.13.6/scala-reflect-2.13.6.jar:/Users/daliborjovanovic/.m2/repository/com/typesafe/scala-logging/scala-logging_2.13/3.9.3/scala-logging_2.13-3.9.3.jar:/Users/daliborjovanovic/.m2/repository/io/dropwizard/metrics/metrics-core/4.2.11/metrics-core-4.2.11.jar:/Users/daliborjovanovic/.m2/repository/commons-cli/commons-cli/1.4/commons-cli-1.4.jar:/Users/daliborjovanovic/.m2/repository/org/apache/kafka/kafka_2.13/3.1.1/kafka_2.13-3.1.1-test.jar:/Users/daliborjovanovic/.m2/repository/org/junit/jupiter/junit-jupiter-api/5.8.2/junit-jupiter-api-5.8.2.jar:/Users/daliborjovanovic/.m2/repository/org/opentest4j/opentest4j/1.2.0/opentest4j-1.2.0.jar:/Users/daliborjovanovic/.m2/repository/org/junit/platform/junit-platform-commons/1.8.2/junit-platform-commons-1.8.2.jar:/Users/daliborjovanovic/.m2/repository/org/apiguardian/apiguardian-api/1.1.2/apiguardian-api-1.1.2.jar:/Users/daliborjovanovic/.m2/repository/junit/junit/3.8.1/junit-3.8.1.jar:/Users/daliborjovanovic/.m2/repository/org/springframework/boot/spring-boot-starter-webflux/2.7.3/spring-boot-starter-webflux-2.7.3.jar:/Users/daliborjovanovic/.m2/repository/org/springframework/boot/spring-boot-starter-reactor-netty/2.7.3/spring-boot-starter-reactor-netty-2.7.3.jar:/Users/daliborjovanovic/.m2/repository/io/projectreactor/netty/reactor-netty-http/1.0.22/reactor-netty-http-1.0.22.jar:/Users/daliborjovanovic/.m2/repository/io/netty/netty-codec-http/4.1.79.Final/netty-codec-http-4.1.79.Final.jar:/Users/daliborjovanovic/.m2/repository/io/netty/netty-codec-http2/4.1.79.Final/netty-codec-http2-4.1.79.Final.jar:/Users/daliborjovanovic/.m2/repository/io/netty/netty-resolver-dns/4.1.79.Final/netty-resolver-dns-4.1.79.Final.jar:/Users/daliborjovanovic/.m2/repository/io/netty/netty-codec-dns/4.1.79.Final/netty-codec-dns-4.1.79.Final.jar:/Users/daliborjovanovic/.m2/repository/io/netty/netty-resolver-dns-native-macos/4.1.79.Final/netty-resolver-dns-native-macos-4.1.79.Final-osx-x86_64.jar:/Users/daliborjovanovic/.m2/repository/io/netty/netty-resolver-dns-classes-macos/4.1.79.Final/netty-resolver-dns-classes-macos-4.1.79.Final.jar:/Users/daliborjovanovic/.m2/repository/io/netty/netty-transport-native-epoll/4.1.79.Final/netty-transport-native-epoll-4.1.79.Final-linux-x86_64.jar:/Users/daliborjovanovic/.m2/repository/io/projectreactor/netty/reactor-netty-core/1.0.22/reactor-netty-core-1.0.22.jar:/Users/daliborjovanovic/.m2/repository/io/netty/netty-handler-proxy/4.1.79.Final/netty-handler-proxy-4.1.79.Final.jar:/Users/daliborjovanovic/.m2/repository/io/netty/netty-codec-socks/4.1.79.Final/netty-codec-socks-4.1.79.Final.jar:/Users/daliborjovanovic/.m2/repository/org/springframework/spring-webflux/5.3.22/spring-webflux-5.3.22.jar:/Users/daliborjovanovic/.m2/repository/io/projectreactor/reactor-core/3.4.22/reactor-core-3.4.22.jar:/Users/daliborjovanovic/.m2/repository/org/reactivestreams/reactive-streams/1.0.4/reactive-streams-1.0.4.jar:/Users/daliborjovanovic/.m2/repository/org/mockito/mockito-core/4.5.1/mockito-core-4.5.1.jar:/Users/daliborjovanovic/.m2/repository/net/bytebuddy/byte-buddy/1.12.13/byte-buddy-1.12.13.jar:/Users/daliborjovanovic/.m2/repository/net/bytebuddy/byte-buddy-agent/1.12.13/byte-buddy-agent-1.12.13.jar:/Users/daliborjovanovic/.m2/repository/org/objenesis/objenesis/3.2/objenesis-3.2.jar:/Users/daliborjovanovic/.m2/repository/com/netflix/graphql/dgs/graphql-dgs-spring-boot-starter/5.2.1/graphql-dgs-spring-boot-starter-5.2.1.jar:/Users/daliborjovanovic/.m2/repository/com/netflix/graphql/dgs/graphql-dgs-spring-webmvc-autoconfigure/5.2.1/graphql-dgs-spring-webmvc-autoconfigure-5.2.1.jar:/Users/daliborjovanovic/.m2/repository/jakarta/servlet/jakarta.servlet-api/4.0.4/jakarta.servlet-api-4.0.4.jar:/Users/daliborjovanovic/.m2/repository/com/fasterxml/jackson/module/jackson-module-kotlin/2.13.3/jackson-module-kotlin-2.13.3.jar:/Users/daliborjovanovic/.m2/repository/com/netflix/graphql/dgs/graphql-dgs-client/5.2.1/graphql-dgs-client-5.2.1.jar:/Users/daliborjovanovic/.m2/repository/com/netflix/graphql/dgs/graphql-dgs-subscription-types/5.2.1/graphql-dgs-subscription-types-5.2.1.jar:/Users/daliborjovanovic/.m2/repository/com/graphql-java/graphql-java/18.3/graphql-java-18.3.jar:/Users/daliborjovanovic/.m2/repository/com/graphql-java/java-dataloader/3.1.2/java-dataloader-3.1.2.jar:/Users/daliborjovanovic/.m2/repository/org/antlr/antlr4-runtime/4.9.3/antlr4-runtime-4.9.3.jar:/Users/daliborjovanovic/.m2/repository/com/netflix/graphql/dgs/graphql-error-types/5.2.1/graphql-error-types-5.2.1.jar:/Users/daliborjovanovic/.m2/repository/org/jetbrains/kotlin/kotlin-stdlib-jdk8/1.6.21/kotlin-stdlib-jdk8-1.6.21.jar:/Users/daliborjovanovic/.m2/repository/org/jetbrains/kotlin/kotlin-stdlib/1.6.21/kotlin-stdlib-1.6.21.jar:/Users/daliborjovanovic/.m2/repository/org/jetbrains/kotlin/kotlin-stdlib-common/1.6.21/kotlin-stdlib-common-1.6.21.jar:/Users/daliborjovanovic/.m2/repository/org/jetbrains/annotations/13.0/annotations-13.0.jar:/Users/daliborjovanovic/.m2/repository/org/jetbrains/kotlin/kotlin-stdlib-jdk7/1.6.21/kotlin-stdlib-jdk7-1.6.21.jar:/Users/daliborjovanovic/.m2/repository/org/springframework/boot/spring-boot-starter-websocket/2.7.3/spring-boot-starter-websocket-2.7.3.jar:/Users/daliborjovanovic/.m2/repository/org/springframework/spring-websocket/5.3.22/spring-websocket-5.3.22.jar:/Users/daliborjovanovic/.m2/repository/com/netflix/graphql/dgs/graphql-dgs-spring-boot-oss-autoconfigure/5.2.1/graphql-dgs-spring-boot-oss-autoconfigure-5.2.1.jar:/Users/daliborjovanovic/.m2/repository/com/netflix/graphql/dgs/graphql-dgs/5.2.1/graphql-dgs-5.2.1.jar:/Users/daliborjovanovic/.m2/repository/com/netflix/graphql/dgs/graphql-dgs-mocking/5.2.1/graphql-dgs-mocking-5.2.1.jar:/Users/daliborjovanovic/.m2/repository/net/datafaker/datafaker/1.4.0/datafaker-1.4.0.jar:/Users/daliborjovanovic/.m2/repository/com/github/mifmif/generex/1.0.2/generex-1.0.2.jar:/Users/daliborjovanovic/.m2/repository/dk/brics/automaton/automaton/1.11-8/automaton-1.11-8.jar:/Users/daliborjovanovic/.m2/repository/com/apollographql/federation/federation-graphql-java-support/2.0.0/federation-graphql-java-support-2.0.0.jar:/Users/daliborjovanovic/.m2/repository/com/apollographql/federation/federation-graphql-java-support-api/2.0.0/federation-graphql-java-support-api-2.0.0.jar:/Users/daliborjovanovic/.m2/repository/com/google/protobuf/protobuf-java/3.19.4/protobuf-java-3.19.4.jar:/Users/daliborjovanovic/.m2/repository/org/jetbrains/kotlinx/kotlinx-coroutines-core/1.6.4/kotlinx-coroutines-core-1.6.4.jar:/Users/daliborjovanovic/.m2/repository/org/jetbrains/kotlinx/kotlinx-coroutines-core-jvm/1.6.4/kotlinx-coroutines-core-jvm-1.6.4.jar:/Users/daliborjovanovic/.m2/repository/org/jetbrains/kotlinx/kotlinx-coroutines-jdk8/1.6.4/kotlinx-coroutines-jdk8-1.6.4.jar:/Users/daliborjovanovic/.m2/repository/org/jetbrains/kotlinx/kotlinx-coroutines-reactor/1.6.4/kotlinx-coroutines-reactor-1.6.4.jar:/Users/daliborjovanovic/.m2/repository/org/jetbrains/kotlinx/kotlinx-coroutines-reactive/1.6.4/kotlinx-coroutines-reactive-1.6.4.jar:/Users/daliborjovanovic/.m2/repository/com/netflix/graphql/dgs/graphql-dgs-spring-webmvc/5.2.1/graphql-dgs-spring-webmvc-5.2.1.jar:/Users/daliborjovanovic/.m2/repository/org/apache/commons/commons-lang3/3.12.0/commons-lang3-3.12.0.jar:/Users/daliborjovanovic/.m2/repository/com/netflix/graphql/dgs/codegen/graphql-dgs-codegen-client-core/5.1.8/graphql-dgs-codegen-client-core-5.1.8.jar:/Users/daliborjovanovic/.m2/repository/org/jetbrains/kotlin/kotlin-reflect/1.6.21/kotlin-reflect-1.6.21.jar:/Users/daliborjovanovic/.m2/repository/com/netflix/graphql/dgs/graphql-dgs-extended-scalars/5.2.1/graphql-dgs-extended-scalars-5.2.1.jar:/Users/daliborjovanovic/.m2/repository/com/graphql-java/graphql-java-extended-scalars/18.1/graphql-java-extended-scalars-18.1.jar:/Users/daliborjovanovic/.m2/repository/org/springframework/boot/spring-boot-autoconfigure/2.7.3/spring-boot-autoconfigure-2.7.3.jar:/Users/daliborjovanovic/.m2/repository/org/keycloak/keycloak-spring-boot-starter/11.0.0/keycloak-spring-boot-starter-11.0.0.jar:/Users/daliborjovanovic/.m2/repository/org/keycloak/keycloak-spring-boot-2-adapter/11.0.0/keycloak-spring-boot-2-adapter-11.0.0.jar:/Users/daliborjovanovic/.m2/repository/org/keycloak/keycloak-spring-boot-adapter-core/11.0.0/keycloak-spring-boot-adapter-core-11.0.0.jar:/Users/daliborjovanovic/.m2/repository/org/keycloak/keycloak-authz-client/11.0.0/keycloak-authz-client-11.0.0.jar:/Users/daliborjovanovic/.m2/repository/org/keycloak/spring-boot-container-bundle/11.0.0/spring-boot-container-bundle-11.0.0.jar:/Users/daliborjovanovic/.m2/repository/org/keycloak/keycloak-spring-security-adapter/11.0.0/keycloak-spring-security-adapter-11.0.0.jar:/Users/daliborjovanovic/.m2/repository/org/keycloak/keycloak-core/11.0.0/keycloak-core-11.0.0.jar:/Users/daliborjovanovic/.m2/repository/org/keycloak/keycloak-common/11.0.0/keycloak-common-11.0.0.jar:/Users/daliborjovanovic/.m2/repository/org/keycloak/keycloak-adapter-spi/11.0.0/keycloak-adapter-spi-11.0.0.jar:/Users/daliborjovanovic/.m2/repository/org/keycloak/keycloak-adapter-core/11.0.0/keycloak-adapter-core-11.0.0.jar:/Users/daliborjovanovic/.m2/repository/org/slf4j/slf4j-api/1.7.36/slf4j-api-1.7.36.jar:/Users/daliborjovanovic/.m2/repository/org/jboss/logging/jboss-logging/3.4.3.Final/jboss-logging-3.4.3.Final.jar:/Users/daliborjovanovic/.m2/repository/org/apache/httpcomponents/httpclient/4.5.13/httpclient-4.5.13.jar:/Users/daliborjovanovic/.m2/repository/org/apache/httpcomponents/httpcore/4.4.15/httpcore-4.4.15.jar:/Users/daliborjovanovic/.m2/repository/commons-codec/commons-codec/1.15/commons-codec-1.15.jar:/Users/daliborjovanovic/.m2/repository/com/fasterxml/jackson/core/jackson-core/2.13.3/jackson-core-2.13.3.jar:/Users/daliborjovanovic/.m2/repository/com/fasterxml/jackson/core/jackson-databind/2.13.3/jackson-databind-2.13.3.jar:/Users/daliborjovanovic/.m2/repository/com/fasterxml/jackson/core/jackson-annotations/2.13.3/jackson-annotations-2.13.3.jar:/Users/daliborjovanovic/.m2/repository/org/springframework/boot/spring-boot-starter-security/2.7.3/spring-boot-starter-security-2.7.3.jar:/Users/daliborjovanovic/.m2/repository/org/springframework/spring-aop/5.3.22/spring-aop-5.3.22.jar:/Users/daliborjovanovic/.m2/repository/org/springframework/security/spring-security-config/5.7.3/spring-security-config-5.7.3.jar:/Users/daliborjovanovic/.m2/repository/org/springframework/security/spring-security-core/5.7.3/spring-security-core-5.7.3.jar:/Users/daliborjovanovic/.m2/repository/org/springframework/security/spring-security-crypto/5.7.3/spring-security-crypto-5.7.3.jar:/Users/daliborjovanovic/.m2/repository/org/springframework/security/spring-security-web/5.7.3/spring-security-web-5.7.3.jar:"/>
    <property name="sun.cpu.endian" value="little"/>
    <property name="user.home" value="/Users/daliborjovanovic"/>
    <property name="user.language" value="en"/>
    <property name="java.specification.vendor" value="Oracle Corporation"/>
    <property name="java.version.date" value="2022-08-18"/>
    <property name="java.home" value="/opt/homebrew/Cellar/openjdk/18.0.2.1/libexec/openjdk.jdk/Contents/Home"/>
    <property name="file.separator" value="/"/>
    <property name="basedir" value="/Users/daliborjovanovic/battery"/>
    <property name="java.vm.compressedOopsMode" value="Zero based"/>
    <property name="line.separator" value="&#10;"/>
    <property name="java.vm.specification.vendor" value="Oracle Corporation"/>
    <property name="java.specification.name" value="Java Platform API Specification"/>
    <property name="apple.awt.application.name" value="ForkedBooter"/>
    <property name="surefire.real.class.path" value="/Users/daliborjovanovic/battery/target/surefire/surefirebooter2602106529478066600.jar"/>
    <property name="sun.management.compiler" value="HotSpot 64-Bit Tiered Compilers"/>
    <property name="ftp.nonProxyHosts" value="local|*.local|169.254/16|*.169.254/16"/>
    <property name="java.runtime.version" value="18.0.2.1+0"/>
    <property name="user.name" value="daliborjovanovic"/>
    <property name="path.separator" value=":"/>
    <property name="os.version" value="12.3"/>
    <property name="java.runtime.name" value="OpenJDK Runtime Environment"/>
    <property name="file.encoding" value="UTF-8"/>
    <property name="java.vm.name" value="OpenJDK 64-Bit Server VM"/>
    <property name="java.vendor.version" value="Homebrew"/>
    <property name="localRepository" value="/Users/daliborjovanovic/.m2/repository"/>
    <property name="java.vendor.url.bug" value="https://github.com/Homebrew/homebrew-core/issues"/>
    <property name="java.io.tmpdir" value="/var/folders/9b/f44gvps14x1_331b5s9f97300000gn/T/"/>
    <property name="java.version" value="18.0.2.1"/>
    <property name="user.dir" value="/Users/daliborjovanovic/battery"/>
    <property name="os.arch" value="aarch64"/>
    <property name="java.vm.specification.name" value="Java Virtual Machine Specification"/>
    <property name="native.encoding" value="UTF-8"/>
    <property name="java.library.path" value="/Users/daliborjovanovic/Library/Java/Extensions:/Library/Java/Extensions:/Network/Library/Java/Extensions:/System/Library/Java/Extensions:/usr/lib/java:."/>
    <property name="java.vm.info" value="mixed mode, sharing"/>
    <property name="java.vendor" value="Homebrew"/>
    <property name="java.vm.version" value="18.0.2.1+0"/>
    <property name="sun.io.unicode.encoding" value="UnicodeBig"/>
    <property name="socksNonProxyHosts" value="local|*.local|169.254/16|*.169.254/16"/>
    <property name="java.class.version" value="62.0"/>
  </properties>
  <testcase name="findBattery" classname="com.example.batteryprice.controller.BatteryControllerTest" time="0.001">
    <error message="Failed to load ApplicationContext" type="java.lang.IllegalStateException">java.lang.IllegalStateException: Failed to load ApplicationContext
Caused by: org.springframework.beans.factory.UnsatisfiedDependencyException: Error creating bean with name 'batteryController': Unsatisfied dependency expressed through field 'userRepo'; nested exception is org.springframework.beans.factory.NoSuchBeanDefinitionException: No qualifying bean of type 'com.example.batteryprice.repository.UserRepo' available: expected at least 1 bean which qualifies as autowire candidate. Dependency annotations: {@org.springframework.beans.factory.annotation.Autowired(required=true)}
Caused by: org.springframework.beans.factory.NoSuchBeanDefinitionException: No qualifying bean of type 'com.example.batteryprice.repository.UserRepo' available: expected at least 1 bean which qualifies as autowire candidate. Dependency annotations: {@org.springframework.beans.factory.annotation.Autowired(required=true)}
</error>
    <system-out><![CDATA[2022-09-14 14:16:28.658  INFO 22823 --- [           main] .b.t.a.w.s.WebMvcTestContextBootstrapper : Neither @ContextConfiguration nor @ContextHierarchy found for test class [com.example.batteryprice.controller.BatteryControllerTest], using SpringBootContextLoader
2022-09-14 14:16:28.658  INFO 22823 --- [           main] o.s.t.c.support.AbstractContextLoader    : Could not detect default resource locations for test class [com.example.batteryprice.controller.BatteryControllerTest]: no resource found for suffixes {-context.xml, Context.groovy}.
2022-09-14 14:16:28.658  INFO 22823 --- [           main] t.c.s.AnnotationConfigContextLoaderUtils : Could not detect default configuration classes for test class [com.example.batteryprice.controller.BatteryControllerTest]: BatteryControllerTest does not declare any static, non-private, non-final, nested classes annotated with @Configuration.
2022-09-14 14:16:28.664  INFO 22823 --- [           main] .b.t.c.SpringBootTestContextBootstrapper : Found @SpringBootConfiguration com.example.batteryprice.BatteryPriceApplication for test class com.example.batteryprice.controller.BatteryControllerTest
2022-09-14 14:16:28.665  INFO 22823 --- [           main] .b.t.a.w.s.WebMvcTestContextBootstrapper : Loaded default TestExecutionListener class names from location [META-INF/spring.factories]: [org.springframework.boot.test.mock.mockito.MockitoTestExecutionListener, org.springframework.boot.test.mock.mockito.ResetMocksTestExecutionListener, org.springframework.boot.test.autoconfigure.restdocs.RestDocsTestExecutionListener, org.springframework.boot.test.autoconfigure.web.client.MockRestServiceServerResetTestExecutionListener, org.springframework.boot.test.autoconfigure.web.servlet.MockMvcPrintOnlyOnFailureTestExecutionListener, org.springframework.boot.test.autoconfigure.web.servlet.WebDriverTestExecutionListener, org.springframework.boot.test.autoconfigure.webservices.client.MockWebServiceServerTestExecutionListener, org.springframework.test.context.web.ServletTestExecutionListener, org.springframework.test.context.support.DirtiesContextBeforeModesTestExecutionListener, org.springframework.test.context.event.ApplicationEventsTestExecutionListener, org.springframework.test.context.support.DependencyInjectionTestExecutionListener, org.springframework.test.context.support.DirtiesContextTestExecutionListener, org.springframework.test.context.transaction.TransactionalTestExecutionListener, org.springframework.test.context.jdbc.SqlScriptsTestExecutionListener, org.springframework.test.context.event.EventPublishingTestExecutionListener]
2022-09-14 14:16:28.665  INFO 22823 --- [           main] .b.t.a.w.s.WebMvcTestContextBootstrapper : Using TestExecutionListeners: [org.springframework.test.context.web.ServletTestExecutionListener@7ec416a0, org.springframework.test.context.support.DirtiesContextBeforeModesTestExecutionListener@1cbb6037, org.springframework.test.context.event.ApplicationEventsTestExecutionListener@2cfd91b9, org.springframework.boot.test.mock.mockito.MockitoTestExecutionListener@491cceb4, org.springframework.boot.test.autoconfigure.SpringBootDependencyInjectionTestExecutionListener@17b3b021, org.springframework.test.context.support.DirtiesContextTestExecutionListener@504ed038, org.springframework.test.context.transaction.TransactionalTestExecutionListener@10fef3d1, org.springframework.test.context.jdbc.SqlScriptsTestExecutionListener@3fb8e614, org.springframework.test.context.event.EventPublishingTestExecutionListener@35007b7a, org.springframework.boot.test.mock.mockito.ResetMocksTestExecutionListener@13e9a2f2, org.springframework.boot.test.autoconfigure.restdocs.RestDocsTestExecutionListener@74eebb25, org.springframework.boot.test.autoconfigure.web.client.MockRestServiceServerResetTestExecutionListener@c1e7bea, org.springframework.boot.test.autoconfigure.web.servlet.MockMvcPrintOnlyOnFailureTestExecutionListener@3af30ab8, org.springframework.boot.test.autoconfigure.web.servlet.WebDriverTestExecutionListener@6453c126, org.springframework.boot.test.autoconfigure.webservices.client.MockWebServiceServerTestExecutionListener@6565691a]

  .   ____          _            __ _ _
 /\\ / ___'_ __ _ _(_)_ __  __ _ \ \ \ \
( ( )\___ | '_ | '_| | '_ \/ _` | \ \ \ \
 \\/  ___)| |_)| | | | | || (_| |  ) ) ) )
  '  |____| .__|_| |_|_| |_\__, | / / / /
 =========|_|==============|___/=/_/_/_/
 :: Spring Boot ::                (v2.7.3)

2022-09-14 14:16:28.674  INFO 22823 --- [           main] c.e.b.controller.BatteryControllerTest   : Starting BatteryControllerTest using Java 18.0.2.1 on Dalibors-MacBook-Pro.local with PID 22823 (started by daliborjovanovic in /Users/daliborjovanovic/battery)
2022-09-14 14:16:28.674  INFO 22823 --- [           main] c.e.b.controller.BatteryControllerTest   : No active profile set, falling back to 1 default profile: "default"
2022-09-14 14:16:28.762  WARN 22823 --- [           main] o.s.w.c.s.GenericWebApplicationContext   : Exception encountered during context initialization - cancelling refresh attempt: org.springframework.beans.factory.UnsatisfiedDependencyException: Error creating bean with name 'batteryController': Unsatisfied dependency expressed through field 'userRepo'; nested exception is org.springframework.beans.factory.NoSuchBeanDefinitionException: No qualifying bean of type 'com.example.batteryprice.repository.UserRepo' available: expected at least 1 bean which qualifies as autowire candidate. Dependency annotations: {@org.springframework.beans.factory.annotation.Autowired(required=true)}
2022-09-14 14:16:28.764  INFO 22823 --- [           main] ConditionEvaluationReportLoggingListener : 

Error starting ApplicationContext. To display the conditions report re-run your application with 'debug' enabled.
2022-09-14 14:16:28.773 ERROR 22823 --- [           main] o.s.b.d.LoggingFailureAnalysisReporter   : 

***************************
APPLICATION FAILED TO START
***************************

Description:

Field userRepo in com.example.batteryprice.controller.BatteryController required a bean of type 'com.example.batteryprice.repository.UserRepo' that could not be found.

The injection point has the following annotations:
	- @org.springframework.beans.factory.annotation.Autowired(required=true)


Action:

Consider defining a bean of type 'com.example.batteryprice.repository.UserRepo' in your configuration.

2022-09-14 14:16:28.775 ERROR 22823 --- [           main] o.s.test.context.TestContextManager      : Caught exception while allowing TestExecutionListener [org.springframework.boot.test.mock.mockito.MockitoTestExecutionListener@491cceb4] to prepare test instance [com.example.batteryprice.controller.BatteryControllerTest@3c833d43]

java.lang.IllegalStateException: Failed to load ApplicationContext
	at org.springframework.test.context.cache.DefaultCacheAwareContextLoaderDelegate.loadContext(DefaultCacheAwareContextLoaderDelegate.java:132) ~[spring-test-5.3.22.jar:5.3.22]
	at org.springframework.test.context.support.DefaultTestContext.getApplicationContext(DefaultTestContext.java:124) ~[spring-test-5.3.22.jar:5.3.22]
	at org.springframework.boot.test.mock.mockito.MockitoTestExecutionListener.postProcessFields(MockitoTestExecutionListener.java:110) ~[spring-boot-test-2.7.3.jar:2.7.3]
	at org.springframework.boot.test.mock.mockito.MockitoTestExecutionListener.injectFields(MockitoTestExecutionListener.java:94) ~[spring-boot-test-2.7.3.jar:2.7.3]
	at org.springframework.boot.test.mock.mockito.MockitoTestExecutionListener.prepareTestInstance(MockitoTestExecutionListener.java:61) ~[spring-boot-test-2.7.3.jar:2.7.3]
	at org.springframework.test.context.TestContextManager.prepareTestInstance(TestContextManager.java:248) ~[spring-test-5.3.22.jar:5.3.22]
	at org.springframework.test.context.junit.jupiter.SpringExtension.postProcessTestInstance(SpringExtension.java:138) ~[spring-test-5.3.22.jar:5.3.22]
	at org.junit.jupiter.engine.descriptor.ClassBasedTestDescriptor.lambda$invokeTestInstancePostProcessors$8(ClassBasedTestDescriptor.java:363) ~[junit-jupiter-engine-5.8.2.jar:5.8.2]
	at org.junit.jupiter.engine.descriptor.ClassBasedTestDescriptor.executeAndMaskThrowable(ClassBasedTestDescriptor.java:368) ~[junit-jupiter-engine-5.8.2.jar:5.8.2]
	at org.junit.jupiter.engine.descriptor.ClassBasedTestDescriptor.lambda$invokeTestInstancePostProcessors$9(ClassBasedTestDescriptor.java:363) ~[junit-jupiter-engine-5.8.2.jar:5.8.2]
	at java.base/java.util.stream.ReferencePipeline$3$1.accept(ReferencePipeline.java:197) ~[na:na]
	at java.base/java.util.stream.ReferencePipeline$2$1.accept(ReferencePipeline.java:179) ~[na:na]
	at java.base/java.util.ArrayList$ArrayListSpliterator.forEachRemaining(ArrayList.java:1625) ~[na:na]
	at java.base/java.util.stream.AbstractPipeline.copyInto(AbstractPipeline.java:509) ~[na:na]
	at java.base/java.util.stream.AbstractPipeline.wrapAndCopyInto(AbstractPipeline.java:499) ~[na:na]
	at java.base/java.util.stream.StreamSpliterators$WrappingSpliterator.forEachRemaining(StreamSpliterators.java:310) ~[na:na]
	at java.base/java.util.stream.Streams$ConcatSpliterator.forEachRemaining(Streams.java:735) ~[na:na]
	at java.base/java.util.stream.Streams$ConcatSpliterator.forEachRemaining(Streams.java:734) ~[na:na]
	at java.base/java.util.stream.ReferencePipeline$Head.forEach(ReferencePipeline.java:762) ~[na:na]
	at org.junit.jupiter.engine.descriptor.ClassBasedTestDescriptor.invokeTestInstancePostProcessors(ClassBasedTestDescriptor.java:362) ~[junit-jupiter-engine-5.8.2.jar:5.8.2]
	at org.junit.jupiter.engine.descriptor.ClassBasedTestDescriptor.lambda$instantiateAndPostProcessTestInstance$6(ClassBasedTestDescriptor.java:283) ~[junit-jupiter-engine-5.8.2.jar:5.8.2]
	at org.junit.platform.engine.support.hierarchical.ThrowableCollector.execute(ThrowableCollector.java:73) ~[junit-platform-engine-1.8.2.jar:1.8.2]
	at org.junit.jupiter.engine.descriptor.ClassBasedTestDescriptor.instantiateAndPostProcessTestInstance(ClassBasedTestDescriptor.java:282) ~[junit-jupiter-engine-5.8.2.jar:5.8.2]
	at org.junit.jupiter.engine.descriptor.ClassBasedTestDescriptor.lambda$testInstancesProvider$4(ClassBasedTestDescriptor.java:272) ~[junit-jupiter-engine-5.8.2.jar:5.8.2]
	at java.base/java.util.Optional.orElseGet(Optional.java:364) ~[na:na]
	at org.junit.jupiter.engine.descriptor.ClassBasedTestDescriptor.lambda$testInstancesProvider$5(ClassBasedTestDescriptor.java:271) ~[junit-jupiter-engine-5.8.2.jar:5.8.2]
	at org.junit.jupiter.engine.execution.TestInstancesProvider.getTestInstances(TestInstancesProvider.java:31) ~[junit-jupiter-engine-5.8.2.jar:5.8.2]
	at org.junit.jupiter.engine.descriptor.TestMethodTestDescriptor.lambda$prepare$0(TestMethodTestDescriptor.java:102) ~[junit-jupiter-engine-5.8.2.jar:5.8.2]
	at org.junit.platform.engine.support.hierarchical.ThrowableCollector.execute(ThrowableCollector.java:73) ~[junit-platform-engine-1.8.2.jar:1.8.2]
	at org.junit.jupiter.engine.descriptor.TestMethodTestDescriptor.prepare(TestMethodTestDescriptor.java:101) ~[junit-jupiter-engine-5.8.2.jar:5.8.2]
	at org.junit.jupiter.engine.descriptor.TestMethodTestDescriptor.prepare(TestMethodTestDescriptor.java:66) ~[junit-jupiter-engine-5.8.2.jar:5.8.2]
	at org.junit.platform.engine.support.hierarchical.NodeTestTask.lambda$prepare$2(NodeTestTask.java:123) ~[junit-platform-engine-1.8.2.jar:1.8.2]
	at org.junit.platform.engine.support.hierarchical.ThrowableCollector.execute(ThrowableCollector.java:73) ~[junit-platform-engine-1.8.2.jar:1.8.2]
	at org.junit.platform.engine.support.hierarchical.NodeTestTask.prepare(NodeTestTask.java:123) ~[junit-platform-engine-1.8.2.jar:1.8.2]
	at org.junit.platform.engine.support.hierarchical.NodeTestTask.execute(NodeTestTask.java:90) ~[junit-platform-engine-1.8.2.jar:1.8.2]
	at java.base/java.util.ArrayList.forEach(ArrayList.java:1511) ~[na:na]
	at org.junit.platform.engine.support.hierarchical.SameThreadHierarchicalTestExecutorService.invokeAll(SameThreadHierarchicalTestExecutorService.java:41) ~[junit-platform-engine-1.8.2.jar:1.8.2]
	at org.junit.platform.engine.support.hierarchical.NodeTestTask.lambda$executeRecursively$6(NodeTestTask.java:155) ~[junit-platform-engine-1.8.2.jar:1.8.2]
	at org.junit.platform.engine.support.hierarchical.ThrowableCollector.execute(ThrowableCollector.java:73) ~[junit-platform-engine-1.8.2.jar:1.8.2]
	at org.junit.platform.engine.support.hierarchical.NodeTestTask.lambda$executeRecursively$8(NodeTestTask.java:141) ~[junit-platform-engine-1.8.2.jar:1.8.2]
	at org.junit.platform.engine.support.hierarchical.Node.around(Node.java:137) ~[junit-platform-engine-1.8.2.jar:1.8.2]
	at org.junit.platform.engine.support.hierarchical.NodeTestTask.lambda$executeRecursively$9(NodeTestTask.java:139) ~[junit-platform-engine-1.8.2.jar:1.8.2]
	at org.junit.platform.engine.support.hierarchical.ThrowableCollector.execute(ThrowableCollector.java:73) ~[junit-platform-engine-1.8.2.jar:1.8.2]
	at org.junit.platform.engine.support.hierarchical.NodeTestTask.executeRecursively(NodeTestTask.java:138) ~[junit-platform-engine-1.8.2.jar:1.8.2]
	at org.junit.platform.engine.support.hierarchical.NodeTestTask.execute(NodeTestTask.java:95) ~[junit-platform-engine-1.8.2.jar:1.8.2]
	at java.base/java.util.ArrayList.forEach(ArrayList.java:1511) ~[na:na]
	at org.junit.platform.engine.support.hierarchical.SameThreadHierarchicalTestExecutorService.invokeAll(SameThreadHierarchicalTestExecutorService.java:41) ~[junit-platform-engine-1.8.2.jar:1.8.2]
	at org.junit.platform.engine.support.hierarchical.NodeTestTask.lambda$executeRecursively$6(NodeTestTask.java:155) ~[junit-platform-engine-1.8.2.jar:1.8.2]
	at org.junit.platform.engine.support.hierarchical.ThrowableCollector.execute(ThrowableCollector.java:73) ~[junit-platform-engine-1.8.2.jar:1.8.2]
	at org.junit.platform.engine.support.hierarchical.NodeTestTask.lambda$executeRecursively$8(NodeTestTask.java:141) ~[junit-platform-engine-1.8.2.jar:1.8.2]
	at org.junit.platform.engine.support.hierarchical.Node.around(Node.java:137) ~[junit-platform-engine-1.8.2.jar:1.8.2]
	at org.junit.platform.engine.support.hierarchical.NodeTestTask.lambda$executeRecursively$9(NodeTestTask.java:139) ~[junit-platform-engine-1.8.2.jar:1.8.2]
	at org.junit.platform.engine.support.hierarchical.ThrowableCollector.execute(ThrowableCollector.java:73) ~[junit-platform-engine-1.8.2.jar:1.8.2]
	at org.junit.platform.engine.support.hierarchical.NodeTestTask.executeRecursively(NodeTestTask.java:138) ~[junit-platform-engine-1.8.2.jar:1.8.2]
	at org.junit.platform.engine.support.hierarchical.NodeTestTask.execute(NodeTestTask.java:95) ~[junit-platform-engine-1.8.2.jar:1.8.2]
	at org.junit.platform.engine.support.hierarchical.SameThreadHierarchicalTestExecutorService.submit(SameThreadHierarchicalTestExecutorService.java:35) ~[junit-platform-engine-1.8.2.jar:1.8.2]
	at org.junit.platform.engine.support.hierarchical.HierarchicalTestExecutor.execute(HierarchicalTestExecutor.java:57) ~[junit-platform-engine-1.8.2.jar:1.8.2]
	at org.junit.platform.engine.support.hierarchical.HierarchicalTestEngine.execute(HierarchicalTestEngine.java:54) ~[junit-platform-engine-1.8.2.jar:1.8.2]
	at org.junit.platform.launcher.core.DefaultLauncher.execute(DefaultLauncher.java:220) ~[junit-platform-launcher-1.3.1.jar:1.3.1]
	at org.junit.platform.launcher.core.DefaultLauncher.lambda$execute$6(DefaultLauncher.java:188) ~[junit-platform-launcher-1.3.1.jar:1.3.1]
	at org.junit.platform.launcher.core.DefaultLauncher.withInterceptedStreams(DefaultLauncher.java:202) ~[junit-platform-launcher-1.3.1.jar:1.3.1]
	at org.junit.platform.launcher.core.DefaultLauncher.execute(DefaultLauncher.java:181) ~[junit-platform-launcher-1.3.1.jar:1.3.1]
	at org.junit.platform.launcher.core.DefaultLauncher.execute(DefaultLauncher.java:128) ~[junit-platform-launcher-1.3.1.jar:1.3.1]
	at org.apache.maven.surefire.junitplatform.JUnitPlatformProvider.invokeAllTests(JUnitPlatformProvider.java:150) ~[surefire-junit-platform-2.22.2.jar:2.22.2]
	at org.apache.maven.surefire.junitplatform.JUnitPlatformProvider.invoke(JUnitPlatformProvider.java:124) ~[surefire-junit-platform-2.22.2.jar:2.22.2]
	at org.apache.maven.surefire.booter.ForkedBooter.invokeProviderInSameClassLoader(ForkedBooter.java:384) ~[surefire-booter-2.22.2.jar:2.22.2]
	at org.apache.maven.surefire.booter.ForkedBooter.runSuitesInProcess(ForkedBooter.java:345) ~[surefire-booter-2.22.2.jar:2.22.2]
	at org.apache.maven.surefire.booter.ForkedBooter.execute(ForkedBooter.java:126) ~[surefire-booter-2.22.2.jar:2.22.2]
	at org.apache.maven.surefire.booter.ForkedBooter.main(ForkedBooter.java:418) ~[surefire-booter-2.22.2.jar:2.22.2]
Caused by: org.springframework.beans.factory.UnsatisfiedDependencyException: Error creating bean with name 'batteryController': Unsatisfied dependency expressed through field 'userRepo'; nested exception is org.springframework.beans.factory.NoSuchBeanDefinitionException: No qualifying bean of type 'com.example.batteryprice.repository.UserRepo' available: expected at least 1 bean which qualifies as autowire candidate. Dependency annotations: {@org.springframework.beans.factory.annotation.Autowired(required=true)}
	at org.springframework.beans.factory.annotation.AutowiredAnnotationBeanPostProcessor$AutowiredFieldElement.resolveFieldValue(AutowiredAnnotationBeanPostProcessor.java:659) ~[spring-beans-5.3.22.jar:5.3.22]
	at org.springframework.beans.factory.annotation.AutowiredAnnotationBeanPostProcessor$AutowiredFieldElement.inject(AutowiredAnnotationBeanPostProcessor.java:639) ~[spring-beans-5.3.22.jar:5.3.22]
	at org.springframework.beans.factory.annotation.InjectionMetadata.inject(InjectionMetadata.java:119) ~[spring-beans-5.3.22.jar:5.3.22]
	at org.springframework.beans.factory.annotation.AutowiredAnnotationBeanPostProcessor.postProcessProperties(AutowiredAnnotationBeanPostProcessor.java:399) ~[spring-beans-5.3.22.jar:5.3.22]
	at org.springframework.beans.factory.support.AbstractAutowireCapableBeanFactory.populateBean(AbstractAutowireCapableBeanFactory.java:1431) ~[spring-beans-5.3.22.jar:5.3.22]
	at org.springframework.beans.factory.support.AbstractAutowireCapableBeanFactory.doCreateBean(AbstractAutowireCapableBeanFactory.java:619) ~[spring-beans-5.3.22.jar:5.3.22]
	at org.springframework.beans.factory.support.AbstractAutowireCapableBeanFactory.createBean(AbstractAutowireCapableBeanFactory.java:542) ~[spring-beans-5.3.22.jar:5.3.22]
	at org.springframework.beans.factory.support.AbstractBeanFactory.lambda$doGetBean$0(AbstractBeanFactory.java:335) ~[spring-beans-5.3.22.jar:5.3.22]
	at org.springframework.beans.factory.support.DefaultSingletonBeanRegistry.getSingleton(DefaultSingletonBeanRegistry.java:234) ~[spring-beans-5.3.22.jar:5.3.22]
	at org.springframework.beans.factory.support.AbstractBeanFactory.doGetBean(AbstractBeanFactory.java:333) ~[spring-beans-5.3.22.jar:5.3.22]
	at org.springframework.beans.factory.support.AbstractBeanFactory.getBean(AbstractBeanFactory.java:208) ~[spring-beans-5.3.22.jar:5.3.22]
	at org.springframework.beans.factory.support.DefaultListableBeanFactory.preInstantiateSingletons(DefaultListableBeanFactory.java:955) ~[spring-beans-5.3.22.jar:5.3.22]
	at org.springframework.context.support.AbstractApplicationContext.finishBeanFactoryInitialization(AbstractApplicationContext.java:918) ~[spring-context-5.3.22.jar:5.3.22]
	at org.springframework.context.support.AbstractApplicationContext.refresh(AbstractApplicationContext.java:583) ~[spring-context-5.3.22.jar:5.3.22]
	at org.springframework.boot.SpringApplication.refresh(SpringApplication.java:734) ~[spring-boot-2.7.3.jar:2.7.3]
	at org.springframework.boot.SpringApplication.refreshContext(SpringApplication.java:408) ~[spring-boot-2.7.3.jar:2.7.3]
	at org.springframework.boot.SpringApplication.run(SpringApplication.java:308) ~[spring-boot-2.7.3.jar:2.7.3]
	at org.springframework.boot.test.context.SpringBootContextLoader.loadContext(SpringBootContextLoader.java:132) ~[spring-boot-test-2.7.3.jar:2.7.3]
	at org.springframework.test.context.cache.DefaultCacheAwareContextLoaderDelegate.loadContextInternal(DefaultCacheAwareContextLoaderDelegate.java:99) ~[spring-test-5.3.22.jar:5.3.22]
	at org.springframework.test.context.cache.DefaultCacheAwareContextLoaderDelegate.loadContext(DefaultCacheAwareContextLoaderDelegate.java:124) ~[spring-test-5.3.22.jar:5.3.22]
	... 68 common frames omitted
Caused by: org.springframework.beans.factory.NoSuchBeanDefinitionException: No qualifying bean of type 'com.example.batteryprice.repository.UserRepo' available: expected at least 1 bean which qualifies as autowire candidate. Dependency annotations: {@org.springframework.beans.factory.annotation.Autowired(required=true)}
	at org.springframework.beans.factory.support.DefaultListableBeanFactory.raiseNoMatchingBeanFound(DefaultListableBeanFactory.java:1801) ~[spring-beans-5.3.22.jar:5.3.22]
	at org.springframework.beans.factory.support.DefaultListableBeanFactory.doResolveDependency(DefaultListableBeanFactory.java:1357) ~[spring-beans-5.3.22.jar:5.3.22]
	at org.springframework.beans.factory.support.DefaultListableBeanFactory.resolveDependency(DefaultListableBeanFactory.java:1311) ~[spring-beans-5.3.22.jar:5.3.22]
	at org.springframework.beans.factory.annotation.AutowiredAnnotationBeanPostProcessor$AutowiredFieldElement.resolveFieldValue(AutowiredAnnotationBeanPostProcessor.java:656) ~[spring-beans-5.3.22.jar:5.3.22]
	... 87 common frames omitted

]]></system-out>
  </testcase>
</testsuite>